Build started 9/11/2015 5:06:18 PM.
Project "C:\Workspaces\Visual Studio\ProjetoFinalVS2012\ProjetoFinalVS2012\ProjetoFinalVS2012.vcxproj" on node 2 (Rebuild target(s)).
ClCompile:
  C:\Program Files\Microsoft Visual Studio 11.0\VC\bin\CL.exe /c /I"C:\SFML-2.3.1\include" /AI"C:\Program Files\Reference Assemblies\Microsoft\Framework\.NETFramework\v4.5\\" /AI"C:\Program Files\Windows Kits\8.0\References\CommonConfiguration\Neutral" /AI"C:\Program Files\Reference Assemblies\Microsoft\Framework\.NETFramework\v4.5\Facades\\" /Zi /clr /nologo /W3 /WX- /Od /Oy- /D SFML_STATIC /D WIN32 /D _DEBUG /D _UNICODE /D UNICODE /EHa /MDd /GS /fp:precise /Zc:wchar_t /Zc:forScope /Fo"Debug\\" /Fd"Debug\vc110.pdb" /TP /FU"C:\Program Files\Reference Assemblies\Microsoft\Framework\.NETFramework\v4.5\mscorlib.dll" /FU"C:\Program Files\Reference Assemblies\Microsoft\Framework\.NETFramework\v4.5\System.Data.dll" /FU"C:\Program Files\Reference Assemblies\Microsoft\Framework\.NETFramework\v4.5\System.dll" /FU"C:\Program Files\Reference Assemblies\Microsoft\Framework\.NETFramework\v4.5\System.Drawing.dll" /FU"C:\Program Files\Reference Assemblies\Microsoft\Framework\.NETFramework\v4.5\System.Windows.Forms.dll" /FU"C:\Program Files\Reference Assemblies\Microsoft\Framework\.NETFramework\v4.5\System.Xml.dll" /analyze- /errorReport:prompt /clr:nostdlib AbsListaElementos.cpp AbsPersiste.cpp AbsPersisteBinario.cpp AbsPersisteXML.cpp Afirmacao.cpp Argumentacao.cpp Argumento.cpp ArgumentoGeometrico.cpp ArgumentoViewElemento.cpp Ataque.cpp AtaqueViewElemento.cpp CalculaAceitabilidadeDung.cpp Classificacao.cpp Conectivo.cpp ConfiguraSistemaSingleton.cpp DesenhistaAtaqueSFML.cpp Instituicao.cpp Lista.cpp ListaAfirmacoes.cpp ListaArgsDung.cpp ListaArgumentacoes.cpp ListaArgumentoGeometrico.cpp ListaArgumentos.cpp ListaAtaqueGeometrico.cpp ListaAtaques.cpp ListaClassificacoes.cpp ListaConectivos.cpp ListaInstituicoes.cpp ListaModeradores.cpp ListaParticipantes.cpp ListaPessoas.cpp main.cpp Moderador.cpp Participante.cpp PersisteBinarioClassificacao.cpp PersisteBinarioInstituicao.cpp PersisteMemoriaArgumentacao.cpp PersisteMemoriaClassificacao.cpp PersisteMemoriaInstituicao.cpp PersisteMemoriaPessoa.cpp PersisteXMLConfiguraSistema.cpp Pessoa.cpp AtaqueGeometrico.cpp PersisteBinarioPessoa.cpp Prototype.cpp Sistema.cpp Sobre.cpp TelaArgumentacao.cpp TelaArgumento.cpp TelaClassificacao.cpp TelaConectivo.cpp TelaConfiguracao.cpp TelaInstituicao.cpp TelaPessoas.cpp TelaPrincipal.cpp AbridoraDeTelasSingleton.cpp Persistivel.cpp ViewElementsFactory.cpp
  AbsListaElementos.cpp
  AbsPersiste.cpp
  AbsPersisteBinario.cpp
  AbsPersisteXML.cpp
  Afirmacao.cpp
  Argumentacao.cpp
  Argumento.cpp
  ArgumentoGeometrico.cpp
  ArgumentoViewElemento.cpp
  Ataque.cpp
  AtaqueViewElemento.cpp
  CalculaAceitabilidadeDung.cpp
  Classificacao.cpp
  Conectivo.cpp
  ConfiguraSistemaSingleton.cpp
  DesenhistaAtaqueSFML.cpp
  Instituicao.cpp
  Lista.cpp
  ListaAfirmacoes.cpp
  ListaArgsDung.cpp
  Generating Code...
  Compiling...
  ListaArgumentacoes.cpp
  ListaArgumentoGeometrico.cpp
  ListaArgumentos.cpp
  ListaAtaqueGeometrico.cpp
  ListaAtaques.cpp
  ListaClassificacoes.cpp
  ListaConectivos.cpp
  ListaInstituicoes.cpp
  ListaModeradores.cpp
  ListaParticipantes.cpp
  ListaPessoas.cpp
  main.cpp
  Moderador.cpp
  Participante.cpp
  PersisteBinarioClassificacao.cpp
  PersisteBinarioInstituicao.cpp
  PersisteMemoriaArgumentacao.cpp
  PersisteMemoriaClassificacao.cpp
  PersisteMemoriaInstituicao.cpp
  PersisteMemoriaPessoa.cpp
  Generating Code...
  Compiling...
  PersisteXMLConfiguraSistema.cpp
  Pessoa.cpp
  AtaqueGeometrico.cpp
  PersisteBinarioPessoa.cpp
  Prototype.cpp
  Sistema.cpp
  Sobre.cpp
  TelaArgumentacao.cpp
  TelaArgumento.cpp
  TelaClassificacao.cpp
  TelaConectivo.cpp
  TelaConfiguracao.cpp
  TelaInstituicao.cpp
  TelaPessoas.cpp
  TelaPrincipal.cpp
  AbridoraDeTelasSingleton.cpp
  Persistivel.cpp
  ViewElementsFactory.cpp
  Generating Code...
  C:\Program Files\Microsoft Visual Studio 11.0\VC\bin\CL.exe /c /I"C:\SFML-2.3.1\include" /Zi /clr /nologo /W3 /WX- /Od /Oy- /D SFML_STATIC /D WIN32 /D _DEBUG /D _UNICODE /D UNICODE /EHa /MDd /GS /fp:precise /Zc:wchar_t /Zc:forScope /Fo"Debug\\" /Fd"Debug\vc110.pdb" /TP /analyze- /errorReport:prompt "C:\Users\user\AppData\Local\Temp\.NETFramework,Version=v4.5.AssemblyAttributes.cpp"
  .NETFramework,Version=v4.5.AssemblyAttributes.cpp
Link:
  C:\Program Files\Microsoft Visual Studio 11.0\VC\bin\link.exe /ERRORREPORT:PROMPT /OUT:"C:\Workspaces\Visual Studio\ProjetoFinalVS2012\Debug\ProjetoFinalVS2012.exe" /INCREMENTAL /NOLOGO /LIBPATH:"C:\SFML-2.3.1\lib" "sfml-graphics-s-d.lib" "sfml-window-s-d.lib" "sfml-system-s-d.lib" opengl32.lib freetype.lib jpeg.lib winmm.lib gdi32.lib kernel32.lib user32.lib kernel32.lib user32.lib gdi32.lib winspool.lib comdlg32.lib advapi32.lib shell32.lib ole32.lib oleaut32.lib uuid.lib odbc32.lib odbccp32.lib /ASSEMBLYRESOURCE:Debug\ProjetoFinalVS2012.Sobre.resources /ASSEMBLYRESOURCE:Debug\ProjetoFinalVS2012.TelaArgumentacao.resources /ASSEMBLYRESOURCE:Debug\ProjetoFinalVS2012.TelaArgumento.resources /ASSEMBLYRESOURCE:Debug\ProjetoFinalVS2012.TelaClassificacao.resources /ASSEMBLYRESOURCE:Debug\ProjetoFinalVS2012.TelaConectivo.resources /ASSEMBLYRESOURCE:Debug\ProjetoFinalVS2012.TelaConfiguracao.resources /ASSEMBLYRESOURCE:Debug\ProjetoFinalVS2012.TelaInstituicao.resources /ASSEMBLYRESOURCE:Debug\ProjetoFinalVS2012.TelaPessoas.resources /ASSEMBLYRESOURCE:Debug\ProjetoFinalVS2012.TelaPrincipal.resources /MANIFEST /MANIFESTUAC:"level='asInvoker' uiAccess='false'" /manifest:embed /DEBUG /PDB:"C:\Workspaces\Visual Studio\ProjetoFinalVS2012\Debug\ProjetoFinalVS2012.pdb" /ASSEMBLYDEBUG /SUBSYSTEM:WINDOWS /TLBID:1 /ENTRY:"main" /DYNAMICBASE /FIXED:NO /NXCOMPAT /MACHINE:X86 Debug\AbsListaElementos.obj
  Debug\AbsPersiste.obj
  Debug\AbsPersisteBinario.obj
  Debug\AbsPersisteXML.obj
  Debug\Afirmacao.obj
  Debug\Argumentacao.obj
  Debug\Argumento.obj
  Debug\ArgumentoGeometrico.obj
  Debug\ArgumentoViewElemento.obj
  Debug\Ataque.obj
  Debug\AtaqueViewElemento.obj
  Debug\CalculaAceitabilidadeDung.obj
  Debug\Classificacao.obj
  Debug\Conectivo.obj
  Debug\ConfiguraSistemaSingleton.obj
  Debug\DesenhistaAtaqueSFML.obj
  Debug\Instituicao.obj
  Debug\Lista.obj
  Debug\ListaAfirmacoes.obj
  Debug\ListaArgsDung.obj
  Debug\ListaArgumentacoes.obj
  Debug\ListaArgumentoGeometrico.obj
  Debug\ListaArgumentos.obj
  Debug\ListaAtaqueGeometrico.obj
  Debug\ListaAtaques.obj
  Debug\ListaClassificacoes.obj
  Debug\ListaConectivos.obj
  Debug\ListaInstituicoes.obj
  Debug\ListaModeradores.obj
  Debug\ListaParticipantes.obj
  Debug\ListaPessoas.obj
  Debug\main.obj
  Debug\Moderador.obj
  Debug\Participante.obj
  Debug\PersisteBinarioClassificacao.obj
  Debug\PersisteBinarioInstituicao.obj
  Debug\PersisteMemoriaArgumentacao.obj
  Debug\PersisteMemoriaClassificacao.obj
  Debug\PersisteMemoriaInstituicao.obj
  Debug\PersisteMemoriaPessoa.obj
  Debug\PersisteXMLConfiguraSistema.obj
  Debug\Pessoa.obj
  Debug\AtaqueGeometrico.obj
  Debug\PersisteBinarioPessoa.obj
  Debug\Prototype.obj
  Debug\Sistema.obj
  Debug\Sobre.obj
  Debug\TelaArgumentacao.obj
  Debug\TelaArgumento.obj
  Debug\TelaClassificacao.obj
  Debug\TelaConectivo.obj
  Debug\TelaConfiguracao.obj
  Debug\TelaInstituicao.obj
  Debug\TelaPessoas.obj
  Debug\TelaPrincipal.obj
  Debug\AbridoraDeTelasSingleton.obj
  Debug\Persistivel.obj
  Debug\ViewElementsFactory.obj
  "Debug\.NETFramework,Version=v4.5.AssemblyAttributes.obj"
sfml-graphics-s-d.lib(BlendMode.cpp.obj) : warning LNK4099: PDB 'vc110.pdb' was not found with 'sfml-graphics-s-d.lib(BlendMode.cpp.obj)' or at 'C:\Workspaces\Visual Studio\ProjetoFinalVS2012\Debug\vc110.pdb'; linking object as if no debug info
sfml-graphics-s-d.lib(Color.cpp.obj) : warning LNK4099: PDB 'vc110.pdb' was not found with 'sfml-graphics-s-d.lib(Color.cpp.obj)' or at 'C:\Workspaces\Visual Studio\ProjetoFinalVS2012\Debug\vc110.pdb'; linking object as if no debug info
sfml-graphics-s-d.lib(GLCheck.cpp.obj) : warning LNK4099: PDB 'vc110.pdb' was not found with 'sfml-graphics-s-d.lib(GLCheck.cpp.obj)' or at 'C:\Workspaces\Visual Studio\ProjetoFinalVS2012\Debug\vc110.pdb'; linking object as if no debug info
sfml-graphics-s-d.lib(GLExtensions.cpp.obj) : warning LNK4099: PDB 'vc110.pdb' was not found with 'sfml-graphics-s-d.lib(GLExtensions.cpp.obj)' or at 'C:\Workspaces\Visual Studio\ProjetoFinalVS2012\Debug\vc110.pdb'; linking object as if no debug info
sfml-graphics-s-d.lib(Image.cpp.obj) : warning LNK4099: PDB 'vc110.pdb' was not found with 'sfml-graphics-s-d.lib(Image.cpp.obj)' or at 'C:\Workspaces\Visual Studio\ProjetoFinalVS2012\Debug\vc110.pdb'; linking object as if no debug info
sfml-graphics-s-d.lib(ImageLoader.cpp.obj) : warning LNK4099: PDB 'vc110.pdb' was not found with 'sfml-graphics-s-d.lib(ImageLoader.cpp.obj)' or at 'C:\Workspaces\Visual Studio\ProjetoFinalVS2012\Debug\vc110.pdb'; linking object as if no debug info
sfml-graphics-s-d.lib(RenderStates.cpp.obj) : warning LNK4099: PDB 'vc110.pdb' was not found with 'sfml-graphics-s-d.lib(RenderStates.cpp.obj)' or at 'C:\Workspaces\Visual Studio\ProjetoFinalVS2012\Debug\vc110.pdb'; linking object as if no debug info
sfml-graphics-s-d.lib(RenderTarget.cpp.obj) : warning LNK4099: PDB 'vc110.pdb' was not found with 'sfml-graphics-s-d.lib(RenderTarget.cpp.obj)' or at 'C:\Workspaces\Visual Studio\ProjetoFinalVS2012\Debug\vc110.pdb'; linking object as if no debug info
sfml-graphics-s-d.lib(RenderWindow.cpp.obj) : warning LNK4099: PDB 'vc110.pdb' was not found with 'sfml-graphics-s-d.lib(RenderWindow.cpp.obj)' or at 'C:\Workspaces\Visual Studio\ProjetoFinalVS2012\Debug\vc110.pdb'; linking object as if no debug info
sfml-graphics-s-d.lib(Shader.cpp.obj) : warning LNK4099: PDB 'vc110.pdb' was not found with 'sfml-graphics-s-d.lib(Shader.cpp.obj)' or at 'C:\Workspaces\Visual Studio\ProjetoFinalVS2012\Debug\vc110.pdb'; linking object as if no debug info
sfml-graphics-s-d.lib(Texture.cpp.obj) : warning LNK4099: PDB 'vc110.pdb' was not found with 'sfml-graphics-s-d.lib(Texture.cpp.obj)' or at 'C:\Workspaces\Visual Studio\ProjetoFinalVS2012\Debug\vc110.pdb'; linking object as if no debug info
sfml-graphics-s-d.lib(TextureSaver.cpp.obj) : warning LNK4099: PDB 'vc110.pdb' was not found with 'sfml-graphics-s-d.lib(TextureSaver.cpp.obj)' or at 'C:\Workspaces\Visual Studio\ProjetoFinalVS2012\Debug\vc110.pdb'; linking object as if no debug info
sfml-graphics-s-d.lib(Transform.cpp.obj) : warning LNK4099: PDB 'vc110.pdb' was not found with 'sfml-graphics-s-d.lib(Transform.cpp.obj)' or at 'C:\Workspaces\Visual Studio\ProjetoFinalVS2012\Debug\vc110.pdb'; linking object as if no debug info
sfml-graphics-s-d.lib(Transformable.cpp.obj) : warning LNK4099: PDB 'vc110.pdb' was not found with 'sfml-graphics-s-d.lib(Transformable.cpp.obj)' or at 'C:\Workspaces\Visual Studio\ProjetoFinalVS2012\Debug\vc110.pdb'; linking object as if no debug info
sfml-graphics-s-d.lib(View.cpp.obj) : warning LNK4099: PDB 'vc110.pdb' was not found with 'sfml-graphics-s-d.lib(View.cpp.obj)' or at 'C:\Workspaces\Visual Studio\ProjetoFinalVS2012\Debug\vc110.pdb'; linking object as if no debug info
sfml-graphics-s-d.lib(Vertex.cpp.obj) : warning LNK4099: PDB 'vc110.pdb' was not found with 'sfml-graphics-s-d.lib(Vertex.cpp.obj)' or at 'C:\Workspaces\Visual Studio\ProjetoFinalVS2012\Debug\vc110.pdb'; linking object as if no debug info
sfml-graphics-s-d.lib(GLLoader.cpp.obj) : warning LNK4099: PDB 'vc110.pdb' was not found with 'sfml-graphics-s-d.lib(GLLoader.cpp.obj)' or at 'C:\Workspaces\Visual Studio\ProjetoFinalVS2012\Debug\vc110.pdb'; linking object as if no debug info
sfml-graphics-s-d.lib(Shape.cpp.obj) : warning LNK4099: PDB 'vc110.pdb' was not found with 'sfml-graphics-s-d.lib(Shape.cpp.obj)' or at 'C:\Workspaces\Visual Studio\ProjetoFinalVS2012\Debug\vc110.pdb'; linking object as if no debug info
sfml-graphics-s-d.lib(CircleShape.cpp.obj) : warning LNK4099: PDB 'vc110.pdb' was not found with 'sfml-graphics-s-d.lib(CircleShape.cpp.obj)' or at 'C:\Workspaces\Visual Studio\ProjetoFinalVS2012\Debug\vc110.pdb'; linking object as if no debug info
sfml-graphics-s-d.lib(VertexArray.cpp.obj) : warning LNK4099: PDB 'vc110.pdb' was not found with 'sfml-graphics-s-d.lib(VertexArray.cpp.obj)' or at 'C:\Workspaces\Visual Studio\ProjetoFinalVS2012\Debug\vc110.pdb'; linking object as if no debug info
sfml-graphics-s-d.lib(RenderTextureImpl.cpp.obj) : warning LNK4099: PDB 'vc110.pdb' was not found with 'sfml-graphics-s-d.lib(RenderTextureImpl.cpp.obj)' or at 'C:\Workspaces\Visual Studio\ProjetoFinalVS2012\Debug\vc110.pdb'; linking object as if no debug info
sfml-graphics-s-d.lib(RenderTextureImplDefault.cpp.obj) : warning LNK4099: PDB 'vc110.pdb' was not found with 'sfml-graphics-s-d.lib(RenderTextureImplDefault.cpp.obj)' or at 'C:\Workspaces\Visual Studio\ProjetoFinalVS2012\Debug\vc110.pdb'; linking object as if no debug info
sfml-window-s-d.lib(Context.cpp.obj) : warning LNK4099: PDB 'vc110.pdb' was not found with 'sfml-window-s-d.lib(Context.cpp.obj)' or at 'C:\Workspaces\Visual Studio\ProjetoFinalVS2012\Debug\vc110.pdb'; linking object as if no debug info
sfml-window-s-d.lib(GlContext.cpp.obj) : warning LNK4099: PDB 'vc110.pdb' was not found with 'sfml-window-s-d.lib(GlContext.cpp.obj)' or at 'C:\Workspaces\Visual Studio\ProjetoFinalVS2012\Debug\vc110.pdb'; linking object as if no debug info
sfml-window-s-d.lib(GlResource.cpp.obj) : warning LNK4099: PDB 'vc110.pdb' was not found with 'sfml-window-s-d.lib(GlResource.cpp.obj)' or at 'C:\Workspaces\Visual Studio\ProjetoFinalVS2012\Debug\vc110.pdb'; linking object as if no debug info
sfml-window-s-d.lib(Joystick.cpp.obj) : warning LNK4099: PDB 'vc110.pdb' was not found with 'sfml-window-s-d.lib(Joystick.cpp.obj)' or at 'C:\Workspaces\Visual Studio\ProjetoFinalVS2012\Debug\vc110.pdb'; linking object as if no debug info
sfml-window-s-d.lib(JoystickManager.cpp.obj) : warning LNK4099: PDB 'vc110.pdb' was not found with 'sfml-window-s-d.lib(JoystickManager.cpp.obj)' or at 'C:\Workspaces\Visual Studio\ProjetoFinalVS2012\Debug\vc110.pdb'; linking object as if no debug info
sfml-window-s-d.lib(SensorManager.cpp.obj) : warning LNK4099: PDB 'vc110.pdb' was not found with 'sfml-window-s-d.lib(SensorManager.cpp.obj)' or at 'C:\Workspaces\Visual Studio\ProjetoFinalVS2012\Debug\vc110.pdb'; linking object as if no debug info
sfml-window-s-d.lib(VideoMode.cpp.obj) : warning LNK4099: PDB 'vc110.pdb' was not found with 'sfml-window-s-d.lib(VideoMode.cpp.obj)' or at 'C:\Workspaces\Visual Studio\ProjetoFinalVS2012\Debug\vc110.pdb'; linking object as if no debug info
sfml-window-s-d.lib(Window.cpp.obj) : warning LNK4099: PDB 'vc110.pdb' was not found with 'sfml-window-s-d.lib(Window.cpp.obj)' or at 'C:\Workspaces\Visual Studio\ProjetoFinalVS2012\Debug\vc110.pdb'; linking object as if no debug info
sfml-window-s-d.lib(WindowImpl.cpp.obj) : warning LNK4099: PDB 'vc110.pdb' was not found with 'sfml-window-s-d.lib(WindowImpl.cpp.obj)' or at 'C:\Workspaces\Visual Studio\ProjetoFinalVS2012\Debug\vc110.pdb'; linking object as if no debug info
sfml-window-s-d.lib(WglContext.cpp.obj) : warning LNK4099: PDB 'vc110.pdb' was not found with 'sfml-window-s-d.lib(WglContext.cpp.obj)' or at 'C:\Workspaces\Visual Studio\ProjetoFinalVS2012\Debug\vc110.pdb'; linking object as if no debug info
sfml-window-s-d.lib(WglExtensions.cpp.obj) : warning LNK4099: PDB 'vc110.pdb' was not found with 'sfml-window-s-d.lib(WglExtensions.cpp.obj)' or at 'C:\Workspaces\Visual Studio\ProjetoFinalVS2012\Debug\vc110.pdb'; linking object as if no debug info
sfml-window-s-d.lib(JoystickImpl.cpp.obj) : warning LNK4099: PDB 'vc110.pdb' was not found with 'sfml-window-s-d.lib(JoystickImpl.cpp.obj)' or at 'C:\Workspaces\Visual Studio\ProjetoFinalVS2012\Debug\vc110.pdb'; linking object as if no debug info
sfml-window-s-d.lib(SensorImpl.cpp.obj) : warning LNK4099: PDB 'vc110.pdb' was not found with 'sfml-window-s-d.lib(SensorImpl.cpp.obj)' or at 'C:\Workspaces\Visual Studio\ProjetoFinalVS2012\Debug\vc110.pdb'; linking object as if no debug info
sfml-window-s-d.lib(VideoModeImpl.cpp.obj) : warning LNK4099: PDB 'vc110.pdb' was not found with 'sfml-window-s-d.lib(VideoModeImpl.cpp.obj)' or at 'C:\Workspaces\Visual Studio\ProjetoFinalVS2012\Debug\vc110.pdb'; linking object as if no debug info
sfml-window-s-d.lib(WindowImplWin32.cpp.obj) : warning LNK4099: PDB 'vc110.pdb' was not found with 'sfml-window-s-d.lib(WindowImplWin32.cpp.obj)' or at 'C:\Workspaces\Visual Studio\ProjetoFinalVS2012\Debug\vc110.pdb'; linking object as if no debug info
sfml-system-s-d.lib(Clock.cpp.obj) : warning LNK4099: PDB 'vc110.pdb' was not found with 'sfml-system-s-d.lib(Clock.cpp.obj)' or at 'C:\Workspaces\Visual Studio\ProjetoFinalVS2012\Debug\vc110.pdb'; linking object as if no debug info
sfml-system-s-d.lib(Err.cpp.obj) : warning LNK4099: PDB 'vc110.pdb' was not found with 'sfml-system-s-d.lib(Err.cpp.obj)' or at 'C:\Workspaces\Visual Studio\ProjetoFinalVS2012\Debug\vc110.pdb'; linking object as if no debug info
sfml-system-s-d.lib(Lock.cpp.obj) : warning LNK4099: PDB 'vc110.pdb' was not found with 'sfml-system-s-d.lib(Lock.cpp.obj)' or at 'C:\Workspaces\Visual Studio\ProjetoFinalVS2012\Debug\vc110.pdb'; linking object as if no debug info
sfml-system-s-d.lib(Mutex.cpp.obj) : warning LNK4099: PDB 'vc110.pdb' was not found with 'sfml-system-s-d.lib(Mutex.cpp.obj)' or at 'C:\Workspaces\Visual Studio\ProjetoFinalVS2012\Debug\vc110.pdb'; linking object as if no debug info
sfml-system-s-d.lib(Sleep.cpp.obj) : warning LNK4099: PDB 'vc110.pdb' was not found with 'sfml-system-s-d.lib(Sleep.cpp.obj)' or at 'C:\Workspaces\Visual Studio\ProjetoFinalVS2012\Debug\vc110.pdb'; linking object as if no debug info
sfml-system-s-d.lib(String.cpp.obj) : warning LNK4099: PDB 'vc110.pdb' was not found with 'sfml-system-s-d.lib(String.cpp.obj)' or at 'C:\Workspaces\Visual Studio\ProjetoFinalVS2012\Debug\vc110.pdb'; linking object as if no debug info
sfml-system-s-d.lib(ThreadLocal.cpp.obj) : warning LNK4099: PDB 'vc110.pdb' was not found with 'sfml-system-s-d.lib(ThreadLocal.cpp.obj)' or at 'C:\Workspaces\Visual Studio\ProjetoFinalVS2012\Debug\vc110.pdb'; linking object as if no debug info
sfml-system-s-d.lib(Time.cpp.obj) : warning LNK4099: PDB 'vc110.pdb' was not found with 'sfml-system-s-d.lib(Time.cpp.obj)' or at 'C:\Workspaces\Visual Studio\ProjetoFinalVS2012\Debug\vc110.pdb'; linking object as if no debug info
sfml-system-s-d.lib(ClockImpl.cpp.obj) : warning LNK4099: PDB 'vc110.pdb' was not found with 'sfml-system-s-d.lib(ClockImpl.cpp.obj)' or at 'C:\Workspaces\Visual Studio\ProjetoFinalVS2012\Debug\vc110.pdb'; linking object as if no debug info
sfml-system-s-d.lib(MutexImpl.cpp.obj) : warning LNK4099: PDB 'vc110.pdb' was not found with 'sfml-system-s-d.lib(MutexImpl.cpp.obj)' or at 'C:\Workspaces\Visual Studio\ProjetoFinalVS2012\Debug\vc110.pdb'; linking object as if no debug info
sfml-system-s-d.lib(SleepImpl.cpp.obj) : warning LNK4099: PDB 'vc110.pdb' was not found with 'sfml-system-s-d.lib(SleepImpl.cpp.obj)' or at 'C:\Workspaces\Visual Studio\ProjetoFinalVS2012\Debug\vc110.pdb'; linking object as if no debug info
sfml-system-s-d.lib(ThreadLocalImpl.cpp.obj) : warning LNK4099: PDB 'vc110.pdb' was not found with 'sfml-system-s-d.lib(ThreadLocalImpl.cpp.obj)' or at 'C:\Workspaces\Visual Studio\ProjetoFinalVS2012\Debug\vc110.pdb'; linking object as if no debug info
  ProjetoFinalVS2012.vcxproj -> C:\Workspaces\Visual Studio\ProjetoFinalVS2012\Debug\ProjetoFinalVS2012.exe
Done Building Project "C:\Workspaces\Visual Studio\ProjetoFinalVS2012\ProjetoFinalVS2012\ProjetoFinalVS2012.vcxproj" (Rebuild target(s)).

Build succeeded.

Time Elapsed 00:01:34.83
