C:\WORKSPACES\VISUAL STUDIO\PROJETOFINALVS2012\PROJETOFINALVS2012\DEBUG\LISTAARGSDUNG.OBJ
C:\WORKSPACES\VISUAL STUDIO\PROJETOFINALVS2012\PROJETOFINALVS2012\DEBUG\LISTAAFIRMACOES.OBJ
C:\WORKSPACES\VISUAL STUDIO\PROJETOFINALVS2012\PROJETOFINALVS2012\DEBUG\LISTA.OBJ
C:\WORKSPACES\VISUAL STUDIO\PROJETOFINALVS2012\PROJETOFINALVS2012\DEBUG\INSTITUICAO.OBJ
C:\WORKSPACES\VISUAL STUDIO\PROJETOFINALVS2012\PROJETOFINALVS2012\DEBUG\DESENHISTAATAQUESFML.OBJ
C:\WORKSPACES\VISUAL STUDIO\PROJETOFINALVS2012\PROJETOFINALVS2012\DEBUG\CONFIGURASISTEMASINGLETON.OBJ
C:\WORKSPACES\VISUAL STUDIO\PROJETOFINALVS2012\PROJETOFINALVS2012\DEBUG\CONECTIVO.OBJ
C:\WORKSPACES\VISUAL STUDIO\PROJETOFINALVS2012\PROJETOFINALVS2012\DEBUG\CLASSIFICACAO.OBJ
C:\WORKSPACES\VISUAL STUDIO\PROJETOFINALVS2012\PROJETOFINALVS2012\DEBUG\CALCULAACEITABILIDADEDUNG.OBJ
C:\WORKSPACES\VISUAL STUDIO\PROJETOFINALVS2012\PROJETOFINALVS2012\DEBUG\ATAQUEVIEWELEMENTO.OBJ
C:\WORKSPACES\VISUAL STUDIO\PROJETOFINALVS2012\PROJETOFINALVS2012\DEBUG\ATAQUE.OBJ
C:\WORKSPACES\VISUAL STUDIO\PROJETOFINALVS2012\PROJETOFINALVS2012\DEBUG\ARGUMENTOVIEWELEMENTO.OBJ
C:\WORKSPACES\VISUAL STUDIO\PROJETOFINALVS2012\PROJETOFINALVS2012\DEBUG\ARGUMENTOGEOMETRICO.OBJ
C:\WORKSPACES\VISUAL STUDIO\PROJETOFINALVS2012\PROJETOFINALVS2012\DEBUG\ARGUMENTO.OBJ
C:\WORKSPACES\VISUAL STUDIO\PROJETOFINALVS2012\PROJETOFINALVS2012\DEBUG\ARGUMENTACAO.OBJ
C:\WORKSPACES\VISUAL STUDIO\PROJETOFINALVS2012\PROJETOFINALVS2012\DEBUG\AFIRMACAO.OBJ
C:\WORKSPACES\VISUAL STUDIO\PROJETOFINALVS2012\PROJETOFINALVS2012\DEBUG\ABSPERSISTEXML.OBJ
C:\WORKSPACES\VISUAL STUDIO\PROJETOFINALVS2012\PROJETOFINALVS2012\DEBUG\ABSPERSISTEBINARIO.OBJ
C:\WORKSPACES\VISUAL STUDIO\PROJETOFINALVS2012\PROJETOFINALVS2012\DEBUG\ABSPERSISTE.OBJ
C:\WORKSPACES\VISUAL STUDIO\PROJETOFINALVS2012\PROJETOFINALVS2012\DEBUG\ABSLISTAELEMENTOS.OBJ
C:\WORKSPACES\VISUAL STUDIO\PROJETOFINALVS2012\PROJETOFINALVS2012\DEBUG\PERSISTEMEMORIAPESSOA.OBJ
C:\WORKSPACES\VISUAL STUDIO\PROJETOFINALVS2012\PROJETOFINALVS2012\DEBUG\PERSISTEMEMORIAINSTITUICAO.OBJ
C:\WORKSPACES\VISUAL STUDIO\PROJETOFINALVS2012\PROJETOFINALVS2012\DEBUG\PERSISTEMEMORIACLASSIFICACAO.OBJ
C:\WORKSPACES\VISUAL STUDIO\PROJETOFINALVS2012\PROJETOFINALVS2012\DEBUG\PERSISTEMEMORIAARGUMENTACAO.OBJ
C:\WORKSPACES\VISUAL STUDIO\PROJETOFINALVS2012\PROJETOFINALVS2012\DEBUG\PERSISTEBINARIOINSTITUICAO.OBJ
C:\WORKSPACES\VISUAL STUDIO\PROJETOFINALVS2012\PROJETOFINALVS2012\DEBUG\PERSISTEBINARIOCLASSIFICACAO.OBJ
C:\WORKSPACES\VISUAL STUDIO\PROJETOFINALVS2012\PROJETOFINALVS2012\DEBUG\PARTICIPANTE.OBJ
C:\WORKSPACES\VISUAL STUDIO\PROJETOFINALVS2012\PROJETOFINALVS2012\DEBUG\MODERADOR.OBJ
C:\WORKSPACES\VISUAL STUDIO\PROJETOFINALVS2012\PROJETOFINALVS2012\DEBUG\MAIN.OBJ
C:\WORKSPACES\VISUAL STUDIO\PROJETOFINALVS2012\PROJETOFINALVS2012\DEBUG\LISTAPESSOAS.OBJ
C:\WORKSPACES\VISUAL STUDIO\PROJETOFINALVS2012\PROJETOFINALVS2012\DEBUG\LISTAPARTICIPANTES.OBJ
C:\WORKSPACES\VISUAL STUDIO\PROJETOFINALVS2012\PROJETOFINALVS2012\DEBUG\LISTAMODERADORES.OBJ
C:\WORKSPACES\VISUAL STUDIO\PROJETOFINALVS2012\PROJETOFINALVS2012\DEBUG\LISTAINSTITUICOES.OBJ
C:\WORKSPACES\VISUAL STUDIO\PROJETOFINALVS2012\PROJETOFINALVS2012\DEBUG\LISTACONECTIVOS.OBJ
C:\WORKSPACES\VISUAL STUDIO\PROJETOFINALVS2012\PROJETOFINALVS2012\DEBUG\LISTACLASSIFICACOES.OBJ
C:\WORKSPACES\VISUAL STUDIO\PROJETOFINALVS2012\PROJETOFINALVS2012\DEBUG\LISTAATAQUES.OBJ
C:\WORKSPACES\VISUAL STUDIO\PROJETOFINALVS2012\PROJETOFINALVS2012\DEBUG\LISTAATAQUEGEOMETRICO.OBJ
C:\WORKSPACES\VISUAL STUDIO\PROJETOFINALVS2012\PROJETOFINALVS2012\DEBUG\LISTAARGUMENTOS.OBJ
C:\WORKSPACES\VISUAL STUDIO\PROJETOFINALVS2012\PROJETOFINALVS2012\DEBUG\LISTAARGUMENTOGEOMETRICO.OBJ
C:\WORKSPACES\VISUAL STUDIO\PROJETOFINALVS2012\PROJETOFINALVS2012\DEBUG\LISTAARGUMENTACOES.OBJ
C:\WORKSPACES\VISUAL STUDIO\PROJETOFINALVS2012\PROJETOFINALVS2012\DEBUG\VIEWELEMENTSFACTORY.OBJ
C:\WORKSPACES\VISUAL STUDIO\PROJETOFINALVS2012\PROJETOFINALVS2012\DEBUG\PERSISTIVEL.OBJ
C:\WORKSPACES\VISUAL STUDIO\PROJETOFINALVS2012\PROJETOFINALVS2012\DEBUG\ABRIDORADETELASSINGLETON.OBJ
C:\WORKSPACES\VISUAL STUDIO\PROJETOFINALVS2012\PROJETOFINALVS2012\DEBUG\TELAPRINCIPAL.OBJ
C:\WORKSPACES\VISUAL STUDIO\PROJETOFINALVS2012\PROJETOFINALVS2012\DEBUG\TELAPESSOAS.OBJ
C:\WORKSPACES\VISUAL STUDIO\PROJETOFINALVS2012\PROJETOFINALVS2012\DEBUG\TELAINSTITUICAO.OBJ
C:\WORKSPACES\VISUAL STUDIO\PROJETOFINALVS2012\PROJETOFINALVS2012\DEBUG\TELACONFIGURACAO.OBJ
C:\WORKSPACES\VISUAL STUDIO\PROJETOFINALVS2012\PROJETOFINALVS2012\DEBUG\TELACONECTIVO.OBJ
C:\WORKSPACES\VISUAL STUDIO\PROJETOFINALVS2012\PROJETOFINALVS2012\DEBUG\TELACLASSIFICACAO.OBJ
C:\WORKSPACES\VISUAL STUDIO\PROJETOFINALVS2012\PROJETOFINALVS2012\DEBUG\TELAARGUMENTO.OBJ
C:\WORKSPACES\VISUAL STUDIO\PROJETOFINALVS2012\PROJETOFINALVS2012\DEBUG\TELAARGUMENTACAO.OBJ
C:\WORKSPACES\VISUAL STUDIO\PROJETOFINALVS2012\PROJETOFINALVS2012\DEBUG\SISTEMA.OBJ
C:\WORKSPACES\VISUAL STUDIO\PROJETOFINALVS2012\PROJETOFINALVS2012\DEBUG\PROTOTYPE.OBJ
C:\WORKSPACES\VISUAL STUDIO\PROJETOFINALVS2012\PROJETOFINALVS2012\DEBUG\PERSISTEBINARIOPESSOA.OBJ
C:\WORKSPACES\VISUAL STUDIO\PROJETOFINALVS2012\PROJETOFINALVS2012\DEBUG\ATAQUEGEOMETRICO.OBJ
C:\WORKSPACES\VISUAL STUDIO\PROJETOFINALVS2012\PROJETOFINALVS2012\DEBUG\PESSOA.OBJ
C:\WORKSPACES\VISUAL STUDIO\PROJETOFINALVS2012\PROJETOFINALVS2012\DEBUG\PERSISTEXMLCONFIGURASISTEMA.OBJ
C:\WORKSPACES\VISUAL STUDIO\PROJETOFINALVS2012\PROJETOFINALVS2012\DEBUG\VC110.PDB
C:\WORKSPACES\VISUAL STUDIO\PROJETOFINALVS2012\PROJETOFINALVS2012\DEBUG\.NETFRAMEWORK,VERSION=V4.5.ASSEMBLYATTRIBUTES.OBJ
C:\WORKSPACES\VISUAL STUDIO\PROJETOFINALVS2012\PROJETOFINALVS2012\DEBUG\SOBRE.OBJ
C:\WORKSPACES\VISUAL STUDIO\PROJETOFINALVS2012\DEBUG\PROJETOFINALVS2012.ILK
C:\WORKSPACES\VISUAL STUDIO\PROJETOFINALVS2012\DEBUG\PROJETOFINALVS2012.EXE
C:\WORKSPACES\VISUAL STUDIO\PROJETOFINALVS2012\DEBUG\PROJETOFINALVS2012.PDB
C:\Workspaces\Visual Studio\ProjetoFinalVS2012\ProjetoFinalVS2012\Debug\ProjetoFinalVS2012.TelaArgumentacao.resources
C:\Workspaces\Visual Studio\ProjetoFinalVS2012\ProjetoFinalVS2012\Debug\ProjetoFinalVS2012.TelaArgumento.resources
C:\Workspaces\Visual Studio\ProjetoFinalVS2012\ProjetoFinalVS2012\Debug\ProjetoFinalVS2012.TelaClassificacao.resources
C:\Workspaces\Visual Studio\ProjetoFinalVS2012\ProjetoFinalVS2012\Debug\ProjetoFinalVS2012.TelaConectivo.resources
C:\Workspaces\Visual Studio\ProjetoFinalVS2012\ProjetoFinalVS2012\Debug\ProjetoFinalVS2012.TelaConfiguracao.resources
C:\Workspaces\Visual Studio\ProjetoFinalVS2012\ProjetoFinalVS2012\Debug\ProjetoFinalVS2012.TelaInstituicao.resources
C:\Workspaces\Visual Studio\ProjetoFinalVS2012\ProjetoFinalVS2012\Debug\ProjetoFinalVS2012.TelaPessoas.resources
C:\Workspaces\Visual Studio\ProjetoFinalVS2012\ProjetoFinalVS2012\Debug\ProjetoFinalVS2012.TelaPrincipal.resources
C:\Workspaces\Visual Studio\ProjetoFinalVS2012\ProjetoFinalVS2012\Debug\ProjetoFinalVS2012.Sobre.resources
C:\Workspaces\Visual Studio\ProjetoFinalVS2012\ProjetoFinalVS2012\Debug\ProjetoFinalVS2012.vcxproj.GenerateResource.Cache
C:\Workspaces\Visual Studio\ProjetoFinalVS2012\ProjetoFinalVS2012\Debug\ProjetoFinalVS2012.vcxprojResolveAssemblyReference.cache
C:\Workspaces\Visual Studio\ProjetoFinalVS2012\ProjetoFinalVS2012\Debug\.NETFramework,Version=v4.5.AssemblyAttributes.obj
C:\Workspaces\Visual Studio\ProjetoFinalVS2012\ProjetoFinalVS2012\Debug\AbridoraDeTelasSingleton.obj
C:\Workspaces\Visual Studio\ProjetoFinalVS2012\ProjetoFinalVS2012\Debug\AbsListaElementos.obj
C:\Workspaces\Visual Studio\ProjetoFinalVS2012\ProjetoFinalVS2012\Debug\AbsPersiste.obj
C:\Workspaces\Visual Studio\ProjetoFinalVS2012\ProjetoFinalVS2012\Debug\AbsPersisteBinario.obj
C:\Workspaces\Visual Studio\ProjetoFinalVS2012\ProjetoFinalVS2012\Debug\AbsPersisteXML.obj
C:\Workspaces\Visual Studio\ProjetoFinalVS2012\ProjetoFinalVS2012\Debug\Afirmacao.obj
C:\Workspaces\Visual Studio\ProjetoFinalVS2012\ProjetoFinalVS2012\Debug\Argumentacao.obj
C:\Workspaces\Visual Studio\ProjetoFinalVS2012\ProjetoFinalVS2012\Debug\Argumento.obj
C:\Workspaces\Visual Studio\ProjetoFinalVS2012\ProjetoFinalVS2012\Debug\ArgumentoGeometrico.obj
C:\Workspaces\Visual Studio\ProjetoFinalVS2012\ProjetoFinalVS2012\Debug\ArgumentoViewElemento.obj
C:\Workspaces\Visual Studio\ProjetoFinalVS2012\ProjetoFinalVS2012\Debug\Ataque.obj
C:\Workspaces\Visual Studio\ProjetoFinalVS2012\ProjetoFinalVS2012\Debug\AtaqueGeometrico.obj
C:\Workspaces\Visual Studio\ProjetoFinalVS2012\ProjetoFinalVS2012\Debug\AtaqueViewElemento.obj
C:\Workspaces\Visual Studio\ProjetoFinalVS2012\ProjetoFinalVS2012\Debug\CalculaAceitabilidadeDung.obj
C:\Workspaces\Visual Studio\ProjetoFinalVS2012\ProjetoFinalVS2012\Debug\Classificacao.obj
C:\Workspaces\Visual Studio\ProjetoFinalVS2012\ProjetoFinalVS2012\Debug\Conectivo.obj
C:\Workspaces\Visual Studio\ProjetoFinalVS2012\ProjetoFinalVS2012\Debug\ConfiguraSistemaSingleton.obj
C:\Workspaces\Visual Studio\ProjetoFinalVS2012\ProjetoFinalVS2012\Debug\DesenhistaAtaqueSFML.obj
C:\Workspaces\Visual Studio\ProjetoFinalVS2012\ProjetoFinalVS2012\Debug\Instituicao.obj
C:\Workspaces\Visual Studio\ProjetoFinalVS2012\ProjetoFinalVS2012\Debug\Lista.obj
C:\Workspaces\Visual Studio\ProjetoFinalVS2012\ProjetoFinalVS2012\Debug\ListaAfirmacoes.obj
C:\Workspaces\Visual Studio\ProjetoFinalVS2012\ProjetoFinalVS2012\Debug\ListaArgsDung.obj
C:\Workspaces\Visual Studio\ProjetoFinalVS2012\ProjetoFinalVS2012\Debug\ListaArgumentacoes.obj
C:\Workspaces\Visual Studio\ProjetoFinalVS2012\ProjetoFinalVS2012\Debug\ListaArgumentoGeometrico.obj
C:\Workspaces\Visual Studio\ProjetoFinalVS2012\ProjetoFinalVS2012\Debug\ListaArgumentos.obj
C:\Workspaces\Visual Studio\ProjetoFinalVS2012\ProjetoFinalVS2012\Debug\ListaAtaqueGeometrico.obj
C:\Workspaces\Visual Studio\ProjetoFinalVS2012\ProjetoFinalVS2012\Debug\ListaAtaques.obj
C:\Workspaces\Visual Studio\ProjetoFinalVS2012\ProjetoFinalVS2012\Debug\ListaClassificacoes.obj
C:\Workspaces\Visual Studio\ProjetoFinalVS2012\ProjetoFinalVS2012\Debug\ListaConectivos.obj
C:\Workspaces\Visual Studio\ProjetoFinalVS2012\ProjetoFinalVS2012\Debug\ListaInstituicoes.obj
C:\Workspaces\Visual Studio\ProjetoFinalVS2012\ProjetoFinalVS2012\Debug\ListaModeradores.obj
C:\Workspaces\Visual Studio\ProjetoFinalVS2012\ProjetoFinalVS2012\Debug\ListaParticipantes.obj
C:\Workspaces\Visual Studio\ProjetoFinalVS2012\ProjetoFinalVS2012\Debug\ListaPessoas.obj
C:\Workspaces\Visual Studio\ProjetoFinalVS2012\ProjetoFinalVS2012\Debug\main.obj
C:\Workspaces\Visual Studio\ProjetoFinalVS2012\ProjetoFinalVS2012\Debug\Moderador.obj
C:\Workspaces\Visual Studio\ProjetoFinalVS2012\ProjetoFinalVS2012\Debug\Participante.obj
C:\Workspaces\Visual Studio\ProjetoFinalVS2012\ProjetoFinalVS2012\Debug\PersisteBinarioClassificacao.obj
C:\Workspaces\Visual Studio\ProjetoFinalVS2012\ProjetoFinalVS2012\Debug\PersisteBinarioInstituicao.obj
C:\Workspaces\Visual Studio\ProjetoFinalVS2012\ProjetoFinalVS2012\Debug\PersisteBinarioPessoa.obj
C:\Workspaces\Visual Studio\ProjetoFinalVS2012\ProjetoFinalVS2012\Debug\PersisteMemoriaArgumentacao.obj
C:\Workspaces\Visual Studio\ProjetoFinalVS2012\ProjetoFinalVS2012\Debug\PersisteMemoriaClassificacao.obj
C:\Workspaces\Visual Studio\ProjetoFinalVS2012\ProjetoFinalVS2012\Debug\PersisteMemoriaInstituicao.obj
C:\Workspaces\Visual Studio\ProjetoFinalVS2012\ProjetoFinalVS2012\Debug\PersisteMemoriaPessoa.obj
C:\Workspaces\Visual Studio\ProjetoFinalVS2012\ProjetoFinalVS2012\Debug\PersisteXMLConfiguraSistema.obj
C:\Workspaces\Visual Studio\ProjetoFinalVS2012\ProjetoFinalVS2012\Debug\Persistivel.obj
C:\Workspaces\Visual Studio\ProjetoFinalVS2012\ProjetoFinalVS2012\Debug\Pessoa.obj
C:\Workspaces\Visual Studio\ProjetoFinalVS2012\ProjetoFinalVS2012\Debug\Prototype.obj
C:\Workspaces\Visual Studio\ProjetoFinalVS2012\ProjetoFinalVS2012\Debug\Sistema.obj
C:\Workspaces\Visual Studio\ProjetoFinalVS2012\ProjetoFinalVS2012\Debug\Sobre.obj
C:\Workspaces\Visual Studio\ProjetoFinalVS2012\ProjetoFinalVS2012\Debug\TelaArgumentacao.obj
C:\Workspaces\Visual Studio\ProjetoFinalVS2012\ProjetoFinalVS2012\Debug\TelaArgumento.obj
C:\Workspaces\Visual Studio\ProjetoFinalVS2012\ProjetoFinalVS2012\Debug\TelaClassificacao.obj
C:\Workspaces\Visual Studio\ProjetoFinalVS2012\ProjetoFinalVS2012\Debug\TelaConectivo.obj
C:\Workspaces\Visual Studio\ProjetoFinalVS2012\ProjetoFinalVS2012\Debug\TelaConfiguracao.obj
C:\Workspaces\Visual Studio\ProjetoFinalVS2012\ProjetoFinalVS2012\Debug\TelaInstituicao.obj
C:\Workspaces\Visual Studio\ProjetoFinalVS2012\ProjetoFinalVS2012\Debug\TelaPessoas.obj
C:\Workspaces\Visual Studio\ProjetoFinalVS2012\ProjetoFinalVS2012\Debug\TelaPrincipal.obj
C:\Workspaces\Visual Studio\ProjetoFinalVS2012\ProjetoFinalVS2012\Debug\ViewElementsFactory.obj
C:\Workspaces\Visual Studio\ProjetoFinalVS2012\ProjetoFinalVS2012\Debug\cl.command.1.tlog
C:\Workspaces\Visual Studio\ProjetoFinalVS2012\ProjetoFinalVS2012\Debug\CL.read.1.tlog
C:\Workspaces\Visual Studio\ProjetoFinalVS2012\ProjetoFinalVS2012\Debug\CL.write.1.tlog
C:\Workspaces\Visual Studio\ProjetoFinalVS2012\ProjetoFinalVS2012\Debug\link.1016-cvtres.read.1.tlog
C:\Workspaces\Visual Studio\ProjetoFinalVS2012\ProjetoFinalVS2012\Debug\link.1016-cvtres.write.1.tlog
C:\Workspaces\Visual Studio\ProjetoFinalVS2012\ProjetoFinalVS2012\Debug\link.1016-rc.read.1.tlog
C:\Workspaces\Visual Studio\ProjetoFinalVS2012\ProjetoFinalVS2012\Debug\link.1016-rc.write.1.tlog
C:\Workspaces\Visual Studio\ProjetoFinalVS2012\ProjetoFinalVS2012\Debug\link.1016.read.1.tlog
C:\Workspaces\Visual Studio\ProjetoFinalVS2012\ProjetoFinalVS2012\Debug\link.1016.read.2.tlog
C:\Workspaces\Visual Studio\ProjetoFinalVS2012\ProjetoFinalVS2012\Debug\link.1016.write.1.tlog
C:\Workspaces\Visual Studio\ProjetoFinalVS2012\ProjetoFinalVS2012\Debug\link.1108-cvtres.read.1.tlog
C:\Workspaces\Visual Studio\ProjetoFinalVS2012\ProjetoFinalVS2012\Debug\link.1108-cvtres.write.1.tlog
C:\Workspaces\Visual Studio\ProjetoFinalVS2012\ProjetoFinalVS2012\Debug\link.1108-rc.read.1.tlog
C:\Workspaces\Visual Studio\ProjetoFinalVS2012\ProjetoFinalVS2012\Debug\link.1108-rc.write.1.tlog
C:\Workspaces\Visual Studio\ProjetoFinalVS2012\ProjetoFinalVS2012\Debug\link.1108.read.1.tlog
C:\Workspaces\Visual Studio\ProjetoFinalVS2012\ProjetoFinalVS2012\Debug\link.1108.read.2.tlog
C:\Workspaces\Visual Studio\ProjetoFinalVS2012\ProjetoFinalVS2012\Debug\link.1108.write.1.tlog
C:\Workspaces\Visual Studio\ProjetoFinalVS2012\ProjetoFinalVS2012\Debug\link.2404-cvtres.read.1.tlog
C:\Workspaces\Visual Studio\ProjetoFinalVS2012\ProjetoFinalVS2012\Debug\link.2404-cvtres.write.1.tlog
C:\Workspaces\Visual Studio\ProjetoFinalVS2012\ProjetoFinalVS2012\Debug\link.2404-rc.read.1.tlog
C:\Workspaces\Visual Studio\ProjetoFinalVS2012\ProjetoFinalVS2012\Debug\link.2404-rc.write.1.tlog
C:\Workspaces\Visual Studio\ProjetoFinalVS2012\ProjetoFinalVS2012\Debug\link.2404.read.1.tlog
C:\Workspaces\Visual Studio\ProjetoFinalVS2012\ProjetoFinalVS2012\Debug\link.2404.read.2.tlog
C:\Workspaces\Visual Studio\ProjetoFinalVS2012\ProjetoFinalVS2012\Debug\link.2404.write.1.tlog
C:\Workspaces\Visual Studio\ProjetoFinalVS2012\ProjetoFinalVS2012\Debug\link.2700-cvtres.read.1.tlog
C:\Workspaces\Visual Studio\ProjetoFinalVS2012\ProjetoFinalVS2012\Debug\link.2700-cvtres.write.1.tlog
C:\Workspaces\Visual Studio\ProjetoFinalVS2012\ProjetoFinalVS2012\Debug\link.2700-rc.read.1.tlog
C:\Workspaces\Visual Studio\ProjetoFinalVS2012\ProjetoFinalVS2012\Debug\link.2700-rc.write.1.tlog
C:\Workspaces\Visual Studio\ProjetoFinalVS2012\ProjetoFinalVS2012\Debug\link.2700.read.1.tlog
C:\Workspaces\Visual Studio\ProjetoFinalVS2012\ProjetoFinalVS2012\Debug\link.2700.read.2.tlog
C:\Workspaces\Visual Studio\ProjetoFinalVS2012\ProjetoFinalVS2012\Debug\link.2700.write.1.tlog
C:\Workspaces\Visual Studio\ProjetoFinalVS2012\ProjetoFinalVS2012\Debug\link.2788-cvtres.read.1.tlog
C:\Workspaces\Visual Studio\ProjetoFinalVS2012\ProjetoFinalVS2012\Debug\link.2788-cvtres.write.1.tlog
C:\Workspaces\Visual Studio\ProjetoFinalVS2012\ProjetoFinalVS2012\Debug\link.2788-rc.read.1.tlog
C:\Workspaces\Visual Studio\ProjetoFinalVS2012\ProjetoFinalVS2012\Debug\link.2788-rc.write.1.tlog
C:\Workspaces\Visual Studio\ProjetoFinalVS2012\ProjetoFinalVS2012\Debug\link.2788.read.1.tlog
C:\Workspaces\Visual Studio\ProjetoFinalVS2012\ProjetoFinalVS2012\Debug\link.2788.read.2.tlog
C:\Workspaces\Visual Studio\ProjetoFinalVS2012\ProjetoFinalVS2012\Debug\link.2788.write.1.tlog
C:\Workspaces\Visual Studio\ProjetoFinalVS2012\ProjetoFinalVS2012\Debug\link.3012-cvtres.read.1.tlog
C:\Workspaces\Visual Studio\ProjetoFinalVS2012\ProjetoFinalVS2012\Debug\link.3012-cvtres.write.1.tlog
C:\Workspaces\Visual Studio\ProjetoFinalVS2012\ProjetoFinalVS2012\Debug\link.3012-rc.read.1.tlog
C:\Workspaces\Visual Studio\ProjetoFinalVS2012\ProjetoFinalVS2012\Debug\link.3012-rc.write.1.tlog
C:\Workspaces\Visual Studio\ProjetoFinalVS2012\ProjetoFinalVS2012\Debug\link.3012.read.1.tlog
C:\Workspaces\Visual Studio\ProjetoFinalVS2012\ProjetoFinalVS2012\Debug\link.3012.read.2.tlog
C:\Workspaces\Visual Studio\ProjetoFinalVS2012\ProjetoFinalVS2012\Debug\link.3012.write.1.tlog
C:\Workspaces\Visual Studio\ProjetoFinalVS2012\ProjetoFinalVS2012\Debug\link.3284-cvtres.read.1.tlog
C:\Workspaces\Visual Studio\ProjetoFinalVS2012\ProjetoFinalVS2012\Debug\link.3284-cvtres.write.1.tlog
C:\Workspaces\Visual Studio\ProjetoFinalVS2012\ProjetoFinalVS2012\Debug\link.3284-rc.read.1.tlog
C:\Workspaces\Visual Studio\ProjetoFinalVS2012\ProjetoFinalVS2012\Debug\link.3284-rc.write.1.tlog
C:\Workspaces\Visual Studio\ProjetoFinalVS2012\ProjetoFinalVS2012\Debug\link.3284.read.1.tlog
C:\Workspaces\Visual Studio\ProjetoFinalVS2012\ProjetoFinalVS2012\Debug\link.3284.read.2.tlog
C:\Workspaces\Visual Studio\ProjetoFinalVS2012\ProjetoFinalVS2012\Debug\link.3284.write.1.tlog
C:\Workspaces\Visual Studio\ProjetoFinalVS2012\ProjetoFinalVS2012\Debug\link.3352-cvtres.read.1.tlog
C:\Workspaces\Visual Studio\ProjetoFinalVS2012\ProjetoFinalVS2012\Debug\link.3352-cvtres.write.1.tlog
C:\Workspaces\Visual Studio\ProjetoFinalVS2012\ProjetoFinalVS2012\Debug\link.3352-rc.read.1.tlog
C:\Workspaces\Visual Studio\ProjetoFinalVS2012\ProjetoFinalVS2012\Debug\link.3352-rc.write.1.tlog
C:\Workspaces\Visual Studio\ProjetoFinalVS2012\ProjetoFinalVS2012\Debug\link.3352.read.1.tlog
C:\Workspaces\Visual Studio\ProjetoFinalVS2012\ProjetoFinalVS2012\Debug\link.3352.read.2.tlog
C:\Workspaces\Visual Studio\ProjetoFinalVS2012\ProjetoFinalVS2012\Debug\link.3352.write.1.tlog
C:\Workspaces\Visual Studio\ProjetoFinalVS2012\ProjetoFinalVS2012\Debug\link.3468-cvtres.read.1.tlog
C:\Workspaces\Visual Studio\ProjetoFinalVS2012\ProjetoFinalVS2012\Debug\link.3468-cvtres.write.1.tlog
C:\Workspaces\Visual Studio\ProjetoFinalVS2012\ProjetoFinalVS2012\Debug\link.3468-rc.read.1.tlog
C:\Workspaces\Visual Studio\ProjetoFinalVS2012\ProjetoFinalVS2012\Debug\link.3468-rc.write.1.tlog
C:\Workspaces\Visual Studio\ProjetoFinalVS2012\ProjetoFinalVS2012\Debug\link.3468.read.1.tlog
C:\Workspaces\Visual Studio\ProjetoFinalVS2012\ProjetoFinalVS2012\Debug\link.3468.write.1.tlog
C:\Workspaces\Visual Studio\ProjetoFinalVS2012\ProjetoFinalVS2012\Debug\link.3504-cvtres.read.1.tlog
C:\Workspaces\Visual Studio\ProjetoFinalVS2012\ProjetoFinalVS2012\Debug\link.3504-cvtres.write.1.tlog
C:\Workspaces\Visual Studio\ProjetoFinalVS2012\ProjetoFinalVS2012\Debug\link.3504-rc.read.1.tlog
C:\Workspaces\Visual Studio\ProjetoFinalVS2012\ProjetoFinalVS2012\Debug\link.3504-rc.write.1.tlog
C:\Workspaces\Visual Studio\ProjetoFinalVS2012\ProjetoFinalVS2012\Debug\link.3504.read.1.tlog
C:\Workspaces\Visual Studio\ProjetoFinalVS2012\ProjetoFinalVS2012\Debug\link.3504.read.2.tlog
C:\Workspaces\Visual Studio\ProjetoFinalVS2012\ProjetoFinalVS2012\Debug\link.3504.write.1.tlog
C:\Workspaces\Visual Studio\ProjetoFinalVS2012\ProjetoFinalVS2012\Debug\link.3776-cvtres.read.1.tlog
C:\Workspaces\Visual Studio\ProjetoFinalVS2012\ProjetoFinalVS2012\Debug\link.3776-cvtres.write.1.tlog
C:\Workspaces\Visual Studio\ProjetoFinalVS2012\ProjetoFinalVS2012\Debug\link.3776-rc.read.1.tlog
C:\Workspaces\Visual Studio\ProjetoFinalVS2012\ProjetoFinalVS2012\Debug\link.3776-rc.write.1.tlog
C:\Workspaces\Visual Studio\ProjetoFinalVS2012\ProjetoFinalVS2012\Debug\link.3776.read.1.tlog
C:\Workspaces\Visual Studio\ProjetoFinalVS2012\ProjetoFinalVS2012\Debug\link.3776.read.2.tlog
C:\Workspaces\Visual Studio\ProjetoFinalVS2012\ProjetoFinalVS2012\Debug\link.3776.write.1.tlog
C:\Workspaces\Visual Studio\ProjetoFinalVS2012\ProjetoFinalVS2012\Debug\link.3800-cvtres.read.1.tlog
C:\Workspaces\Visual Studio\ProjetoFinalVS2012\ProjetoFinalVS2012\Debug\link.3800-cvtres.write.1.tlog
C:\Workspaces\Visual Studio\ProjetoFinalVS2012\ProjetoFinalVS2012\Debug\link.3800-rc.read.1.tlog
C:\Workspaces\Visual Studio\ProjetoFinalVS2012\ProjetoFinalVS2012\Debug\link.3800-rc.write.1.tlog
C:\Workspaces\Visual Studio\ProjetoFinalVS2012\ProjetoFinalVS2012\Debug\link.3800.read.1.tlog
C:\Workspaces\Visual Studio\ProjetoFinalVS2012\ProjetoFinalVS2012\Debug\link.3800.read.2.tlog
C:\Workspaces\Visual Studio\ProjetoFinalVS2012\ProjetoFinalVS2012\Debug\link.3800.write.1.tlog
C:\Workspaces\Visual Studio\ProjetoFinalVS2012\ProjetoFinalVS2012\Debug\link.3996-cvtres.read.1.tlog
C:\Workspaces\Visual Studio\ProjetoFinalVS2012\ProjetoFinalVS2012\Debug\link.3996-cvtres.write.1.tlog
C:\Workspaces\Visual Studio\ProjetoFinalVS2012\ProjetoFinalVS2012\Debug\link.3996-rc.read.1.tlog
C:\Workspaces\Visual Studio\ProjetoFinalVS2012\ProjetoFinalVS2012\Debug\link.3996-rc.write.1.tlog
C:\Workspaces\Visual Studio\ProjetoFinalVS2012\ProjetoFinalVS2012\Debug\link.3996.read.1.tlog
C:\Workspaces\Visual Studio\ProjetoFinalVS2012\ProjetoFinalVS2012\Debug\link.3996.write.1.tlog
C:\Workspaces\Visual Studio\ProjetoFinalVS2012\ProjetoFinalVS2012\Debug\link.4080-cvtres.read.1.tlog
C:\Workspaces\Visual Studio\ProjetoFinalVS2012\ProjetoFinalVS2012\Debug\link.4080-cvtres.write.1.tlog
C:\Workspaces\Visual Studio\ProjetoFinalVS2012\ProjetoFinalVS2012\Debug\link.4080-rc.read.1.tlog
C:\Workspaces\Visual Studio\ProjetoFinalVS2012\ProjetoFinalVS2012\Debug\link.4080-rc.write.1.tlog
C:\Workspaces\Visual Studio\ProjetoFinalVS2012\ProjetoFinalVS2012\Debug\link.4080.read.1.tlog
C:\Workspaces\Visual Studio\ProjetoFinalVS2012\ProjetoFinalVS2012\Debug\link.4080.read.2.tlog
C:\Workspaces\Visual Studio\ProjetoFinalVS2012\ProjetoFinalVS2012\Debug\link.4080.write.1.tlog
C:\Workspaces\Visual Studio\ProjetoFinalVS2012\ProjetoFinalVS2012\Debug\link.4164-cvtres.read.1.tlog
C:\Workspaces\Visual Studio\ProjetoFinalVS2012\ProjetoFinalVS2012\Debug\link.4164-cvtres.write.1.tlog
C:\Workspaces\Visual Studio\ProjetoFinalVS2012\ProjetoFinalVS2012\Debug\link.4164-rc.read.1.tlog
C:\Workspaces\Visual Studio\ProjetoFinalVS2012\ProjetoFinalVS2012\Debug\link.4164-rc.write.1.tlog
C:\Workspaces\Visual Studio\ProjetoFinalVS2012\ProjetoFinalVS2012\Debug\link.4164.read.1.tlog
C:\Workspaces\Visual Studio\ProjetoFinalVS2012\ProjetoFinalVS2012\Debug\link.4164.read.2.tlog
C:\Workspaces\Visual Studio\ProjetoFinalVS2012\ProjetoFinalVS2012\Debug\link.4164.write.1.tlog
C:\Workspaces\Visual Studio\ProjetoFinalVS2012\ProjetoFinalVS2012\Debug\link.4228-cvtres.read.1.tlog
C:\Workspaces\Visual Studio\ProjetoFinalVS2012\ProjetoFinalVS2012\Debug\link.4228-cvtres.write.1.tlog
C:\Workspaces\Visual Studio\ProjetoFinalVS2012\ProjetoFinalVS2012\Debug\link.4228-rc.read.1.tlog
C:\Workspaces\Visual Studio\ProjetoFinalVS2012\ProjetoFinalVS2012\Debug\link.4228-rc.write.1.tlog
C:\Workspaces\Visual Studio\ProjetoFinalVS2012\ProjetoFinalVS2012\Debug\link.4228.read.1.tlog
C:\Workspaces\Visual Studio\ProjetoFinalVS2012\ProjetoFinalVS2012\Debug\link.4228.read.2.tlog
C:\Workspaces\Visual Studio\ProjetoFinalVS2012\ProjetoFinalVS2012\Debug\link.4228.write.1.tlog
C:\Workspaces\Visual Studio\ProjetoFinalVS2012\ProjetoFinalVS2012\Debug\link.4424-cvtres.read.1.tlog
C:\Workspaces\Visual Studio\ProjetoFinalVS2012\ProjetoFinalVS2012\Debug\link.4424-cvtres.write.1.tlog
C:\Workspaces\Visual Studio\ProjetoFinalVS2012\ProjetoFinalVS2012\Debug\link.4424-rc.read.1.tlog
C:\Workspaces\Visual Studio\ProjetoFinalVS2012\ProjetoFinalVS2012\Debug\link.4424-rc.write.1.tlog
C:\Workspaces\Visual Studio\ProjetoFinalVS2012\ProjetoFinalVS2012\Debug\link.4424.read.1.tlog
C:\Workspaces\Visual Studio\ProjetoFinalVS2012\ProjetoFinalVS2012\Debug\link.4424.read.2.tlog
C:\Workspaces\Visual Studio\ProjetoFinalVS2012\ProjetoFinalVS2012\Debug\link.4424.write.1.tlog
C:\Workspaces\Visual Studio\ProjetoFinalVS2012\ProjetoFinalVS2012\Debug\link.448-cvtres.read.1.tlog
C:\Workspaces\Visual Studio\ProjetoFinalVS2012\ProjetoFinalVS2012\Debug\link.448-cvtres.write.1.tlog
C:\Workspaces\Visual Studio\ProjetoFinalVS2012\ProjetoFinalVS2012\Debug\link.448-rc.read.1.tlog
C:\Workspaces\Visual Studio\ProjetoFinalVS2012\ProjetoFinalVS2012\Debug\link.448-rc.write.1.tlog
C:\Workspaces\Visual Studio\ProjetoFinalVS2012\ProjetoFinalVS2012\Debug\link.448.read.1.tlog
C:\Workspaces\Visual Studio\ProjetoFinalVS2012\ProjetoFinalVS2012\Debug\link.448.read.2.tlog
C:\Workspaces\Visual Studio\ProjetoFinalVS2012\ProjetoFinalVS2012\Debug\link.448.write.1.tlog
C:\Workspaces\Visual Studio\ProjetoFinalVS2012\ProjetoFinalVS2012\Debug\link.4820-cvtres.read.1.tlog
C:\Workspaces\Visual Studio\ProjetoFinalVS2012\ProjetoFinalVS2012\Debug\link.4820-cvtres.write.1.tlog
C:\Workspaces\Visual Studio\ProjetoFinalVS2012\ProjetoFinalVS2012\Debug\link.4820-rc.read.1.tlog
C:\Workspaces\Visual Studio\ProjetoFinalVS2012\ProjetoFinalVS2012\Debug\link.4820-rc.write.1.tlog
C:\Workspaces\Visual Studio\ProjetoFinalVS2012\ProjetoFinalVS2012\Debug\link.4820.read.1.tlog
C:\Workspaces\Visual Studio\ProjetoFinalVS2012\ProjetoFinalVS2012\Debug\link.4820.read.2.tlog
C:\Workspaces\Visual Studio\ProjetoFinalVS2012\ProjetoFinalVS2012\Debug\link.4820.write.1.tlog
C:\Workspaces\Visual Studio\ProjetoFinalVS2012\ProjetoFinalVS2012\Debug\link.4892-cvtres.read.1.tlog
C:\Workspaces\Visual Studio\ProjetoFinalVS2012\ProjetoFinalVS2012\Debug\link.4892-cvtres.write.1.tlog
C:\Workspaces\Visual Studio\ProjetoFinalVS2012\ProjetoFinalVS2012\Debug\link.4892-rc.read.1.tlog
C:\Workspaces\Visual Studio\ProjetoFinalVS2012\ProjetoFinalVS2012\Debug\link.4892-rc.write.1.tlog
C:\Workspaces\Visual Studio\ProjetoFinalVS2012\ProjetoFinalVS2012\Debug\link.4892.read.1.tlog
C:\Workspaces\Visual Studio\ProjetoFinalVS2012\ProjetoFinalVS2012\Debug\link.4892.read.2.tlog
C:\Workspaces\Visual Studio\ProjetoFinalVS2012\ProjetoFinalVS2012\Debug\link.4892.write.1.tlog
C:\Workspaces\Visual Studio\ProjetoFinalVS2012\ProjetoFinalVS2012\Debug\link.5012-cvtres.read.1.tlog
C:\Workspaces\Visual Studio\ProjetoFinalVS2012\ProjetoFinalVS2012\Debug\link.5012-cvtres.write.1.tlog
C:\Workspaces\Visual Studio\ProjetoFinalVS2012\ProjetoFinalVS2012\Debug\link.5012-rc.read.1.tlog
C:\Workspaces\Visual Studio\ProjetoFinalVS2012\ProjetoFinalVS2012\Debug\link.5012-rc.write.1.tlog
C:\Workspaces\Visual Studio\ProjetoFinalVS2012\ProjetoFinalVS2012\Debug\link.5012.read.1.tlog
C:\Workspaces\Visual Studio\ProjetoFinalVS2012\ProjetoFinalVS2012\Debug\link.5012.read.2.tlog
C:\Workspaces\Visual Studio\ProjetoFinalVS2012\ProjetoFinalVS2012\Debug\link.5012.write.1.tlog
C:\Workspaces\Visual Studio\ProjetoFinalVS2012\ProjetoFinalVS2012\Debug\link.5360-cvtres.read.1.tlog
C:\Workspaces\Visual Studio\ProjetoFinalVS2012\ProjetoFinalVS2012\Debug\link.5360-cvtres.write.1.tlog
C:\Workspaces\Visual Studio\ProjetoFinalVS2012\ProjetoFinalVS2012\Debug\link.5360-rc.read.1.tlog
C:\Workspaces\Visual Studio\ProjetoFinalVS2012\ProjetoFinalVS2012\Debug\link.5360-rc.write.1.tlog
C:\Workspaces\Visual Studio\ProjetoFinalVS2012\ProjetoFinalVS2012\Debug\link.5360.read.1.tlog
C:\Workspaces\Visual Studio\ProjetoFinalVS2012\ProjetoFinalVS2012\Debug\link.5360.read.2.tlog
C:\Workspaces\Visual Studio\ProjetoFinalVS2012\ProjetoFinalVS2012\Debug\link.5360.write.1.tlog
C:\Workspaces\Visual Studio\ProjetoFinalVS2012\ProjetoFinalVS2012\Debug\link.5388-cvtres.read.1.tlog
C:\Workspaces\Visual Studio\ProjetoFinalVS2012\ProjetoFinalVS2012\Debug\link.5388-cvtres.write.1.tlog
C:\Workspaces\Visual Studio\ProjetoFinalVS2012\ProjetoFinalVS2012\Debug\link.5388-rc.read.1.tlog
C:\Workspaces\Visual Studio\ProjetoFinalVS2012\ProjetoFinalVS2012\Debug\link.5388-rc.write.1.tlog
C:\Workspaces\Visual Studio\ProjetoFinalVS2012\ProjetoFinalVS2012\Debug\link.5388.read.1.tlog
C:\Workspaces\Visual Studio\ProjetoFinalVS2012\ProjetoFinalVS2012\Debug\link.5388.read.2.tlog
C:\Workspaces\Visual Studio\ProjetoFinalVS2012\ProjetoFinalVS2012\Debug\link.5388.write.1.tlog
C:\Workspaces\Visual Studio\ProjetoFinalVS2012\ProjetoFinalVS2012\Debug\link.5736-cvtres.read.1.tlog
C:\Workspaces\Visual Studio\ProjetoFinalVS2012\ProjetoFinalVS2012\Debug\link.5736-cvtres.write.1.tlog
C:\Workspaces\Visual Studio\ProjetoFinalVS2012\ProjetoFinalVS2012\Debug\link.5736-rc.read.1.tlog
C:\Workspaces\Visual Studio\ProjetoFinalVS2012\ProjetoFinalVS2012\Debug\link.5736-rc.write.1.tlog
C:\Workspaces\Visual Studio\ProjetoFinalVS2012\ProjetoFinalVS2012\Debug\link.5736.read.1.tlog
C:\Workspaces\Visual Studio\ProjetoFinalVS2012\ProjetoFinalVS2012\Debug\link.5736.read.2.tlog
C:\Workspaces\Visual Studio\ProjetoFinalVS2012\ProjetoFinalVS2012\Debug\link.5736.write.1.tlog
C:\Workspaces\Visual Studio\ProjetoFinalVS2012\ProjetoFinalVS2012\Debug\link.844-cvtres.read.1.tlog
C:\Workspaces\Visual Studio\ProjetoFinalVS2012\ProjetoFinalVS2012\Debug\link.844-cvtres.write.1.tlog
C:\Workspaces\Visual Studio\ProjetoFinalVS2012\ProjetoFinalVS2012\Debug\link.844-rc.read.1.tlog
C:\Workspaces\Visual Studio\ProjetoFinalVS2012\ProjetoFinalVS2012\Debug\link.844-rc.write.1.tlog
C:\Workspaces\Visual Studio\ProjetoFinalVS2012\ProjetoFinalVS2012\Debug\link.844.read.1.tlog
C:\Workspaces\Visual Studio\ProjetoFinalVS2012\ProjetoFinalVS2012\Debug\link.844.read.2.tlog
C:\Workspaces\Visual Studio\ProjetoFinalVS2012\ProjetoFinalVS2012\Debug\link.844.write.1.tlog
C:\Workspaces\Visual Studio\ProjetoFinalVS2012\ProjetoFinalVS2012\Debug\link.command.1.tlog
C:\Workspaces\Visual Studio\ProjetoFinalVS2012\ProjetoFinalVS2012\Debug\link.read.1.tlog
C:\Workspaces\Visual Studio\ProjetoFinalVS2012\ProjetoFinalVS2012\Debug\link.write.1.tlog
C:\Workspaces\Visual Studio\ProjetoFinalVS2012\ProjetoFinalVS2012\Debug\metagen.read.1.tlog
C:\Workspaces\Visual Studio\ProjetoFinalVS2012\ProjetoFinalVS2012\Debug\metagen.write.1.tlog
C:\Workspaces\Visual Studio\ProjetoFinalVS2012\ProjetoFinalVS2012\Debug\ProjetoFinalVS2012.write.1.tlog
C:\Workspaces\Visual Studio\ProjetoFinalVS2012\ProjetoFinalVS2012\Debug\vc110.pdb
C:\Workspaces\Visual Studio\ProjetoFinalVS2012\ProjetoFinalVS2012\Debug\RSAENH.DLL.bi
C:\Workspaces\Visual Studio\ProjetoFinalVS2012\ProjetoFinalVS2012\Debug\TZRES.DLL.bi
C:\Workspaces\Visual Studio\ProjetoFinalVS2012\Debug\ProjetoFinalVS2012.pdb
C:\Workspaces\Visual Studio\ProjetoFinalVS2012\Debug\ProjetoFinalVS2012.exe
C:\Workspaces\Visual Studio\ProjetoFinalVS2012\Debug\ProjetoFinalVS2012.ilk
