C:\WORKSPACES\VISUAL STUDIO\PROJETOFINALVS2012\PROJETOFINALVS2012\RELEASE\LISTAARGUMENTOGEOMETRICO.OBJ
C:\WORKSPACES\VISUAL STUDIO\PROJETOFINALVS2012\PROJETOFINALVS2012\RELEASE\LISTAARGUMENTACOES.OBJ
C:\WORKSPACES\VISUAL STUDIO\PROJETOFINALVS2012\PROJETOFINALVS2012\RELEASE\LISTAARGSDUNG.OBJ
C:\WORKSPACES\VISUAL STUDIO\PROJETOFINALVS2012\PROJETOFINALVS2012\RELEASE\LISTAAFIRMACOES.OBJ
C:\WORKSPACES\VISUAL STUDIO\PROJETOFINALVS2012\PROJETOFINALVS2012\RELEASE\LISTA.OBJ
C:\WORKSPACES\VISUAL STUDIO\PROJETOFINALVS2012\PROJETOFINALVS2012\RELEASE\INSTITUICAO.OBJ
C:\WORKSPACES\VISUAL STUDIO\PROJETOFINALVS2012\PROJETOFINALVS2012\RELEASE\DESENHISTAATAQUESFML.OBJ
C:\WORKSPACES\VISUAL STUDIO\PROJETOFINALVS2012\PROJETOFINALVS2012\RELEASE\CONECTIVO.OBJ
C:\WORKSPACES\VISUAL STUDIO\PROJETOFINALVS2012\PROJETOFINALVS2012\RELEASE\CLASSIFICACAO.OBJ
C:\WORKSPACES\VISUAL STUDIO\PROJETOFINALVS2012\PROJETOFINALVS2012\RELEASE\CALCULAACEITABILIDADEDUNG.OBJ
C:\WORKSPACES\VISUAL STUDIO\PROJETOFINALVS2012\PROJETOFINALVS2012\RELEASE\ATAQUEVIEWELEMENTO.OBJ
C:\WORKSPACES\VISUAL STUDIO\PROJETOFINALVS2012\PROJETOFINALVS2012\RELEASE\ATAQUE.OBJ
C:\WORKSPACES\VISUAL STUDIO\PROJETOFINALVS2012\PROJETOFINALVS2012\RELEASE\ARGUMENTOVIEWELEMENTO.OBJ
C:\WORKSPACES\VISUAL STUDIO\PROJETOFINALVS2012\PROJETOFINALVS2012\RELEASE\ARGUMENTOGEOMETRICO.OBJ
C:\WORKSPACES\VISUAL STUDIO\PROJETOFINALVS2012\PROJETOFINALVS2012\RELEASE\ARGUMENTO.OBJ
C:\WORKSPACES\VISUAL STUDIO\PROJETOFINALVS2012\PROJETOFINALVS2012\RELEASE\ARGUMENTACAO.OBJ
C:\WORKSPACES\VISUAL STUDIO\PROJETOFINALVS2012\PROJETOFINALVS2012\RELEASE\AFIRMACAO.OBJ
C:\WORKSPACES\VISUAL STUDIO\PROJETOFINALVS2012\PROJETOFINALVS2012\RELEASE\ABSPERSISTEBINARIO.OBJ
C:\WORKSPACES\VISUAL STUDIO\PROJETOFINALVS2012\PROJETOFINALVS2012\RELEASE\ABSPERSISTE.OBJ
C:\WORKSPACES\VISUAL STUDIO\PROJETOFINALVS2012\PROJETOFINALVS2012\RELEASE\ABSLISTAELEMENTOS.OBJ
C:\WORKSPACES\VISUAL STUDIO\PROJETOFINALVS2012\PROJETOFINALVS2012\RELEASE\PERSISTEBINARIOPESSOA.OBJ
C:\WORKSPACES\VISUAL STUDIO\PROJETOFINALVS2012\PROJETOFINALVS2012\RELEASE\ATAQUEGEOMETRICO.OBJ
C:\WORKSPACES\VISUAL STUDIO\PROJETOFINALVS2012\PROJETOFINALVS2012\RELEASE\PESSOA.OBJ
C:\WORKSPACES\VISUAL STUDIO\PROJETOFINALVS2012\PROJETOFINALVS2012\RELEASE\PERSISTEMEMORIAPESSOA.OBJ
C:\WORKSPACES\VISUAL STUDIO\PROJETOFINALVS2012\PROJETOFINALVS2012\RELEASE\PERSISTEMEMORIAINSTITUICAO.OBJ
C:\WORKSPACES\VISUAL STUDIO\PROJETOFINALVS2012\PROJETOFINALVS2012\RELEASE\PERSISTEMEMORIACLASSIFICACAO.OBJ
C:\WORKSPACES\VISUAL STUDIO\PROJETOFINALVS2012\PROJETOFINALVS2012\RELEASE\PERSISTEBINARIOINSTITUICAO.OBJ
C:\WORKSPACES\VISUAL STUDIO\PROJETOFINALVS2012\PROJETOFINALVS2012\RELEASE\PERSISTEBINARIOCLASSIFICACAO.OBJ
C:\WORKSPACES\VISUAL STUDIO\PROJETOFINALVS2012\PROJETOFINALVS2012\RELEASE\PARTICIPANTE.OBJ
C:\WORKSPACES\VISUAL STUDIO\PROJETOFINALVS2012\PROJETOFINALVS2012\RELEASE\MODERADOR.OBJ
C:\WORKSPACES\VISUAL STUDIO\PROJETOFINALVS2012\PROJETOFINALVS2012\RELEASE\MAIN.OBJ
C:\WORKSPACES\VISUAL STUDIO\PROJETOFINALVS2012\PROJETOFINALVS2012\RELEASE\LISTAPESSOAS.OBJ
C:\WORKSPACES\VISUAL STUDIO\PROJETOFINALVS2012\PROJETOFINALVS2012\RELEASE\LISTAPARTICIPANTES.OBJ
C:\WORKSPACES\VISUAL STUDIO\PROJETOFINALVS2012\PROJETOFINALVS2012\RELEASE\LISTAMODERADORES.OBJ
C:\WORKSPACES\VISUAL STUDIO\PROJETOFINALVS2012\PROJETOFINALVS2012\RELEASE\LISTAINSTITUICOES.OBJ
C:\WORKSPACES\VISUAL STUDIO\PROJETOFINALVS2012\PROJETOFINALVS2012\RELEASE\LISTACONECTIVOS.OBJ
C:\WORKSPACES\VISUAL STUDIO\PROJETOFINALVS2012\PROJETOFINALVS2012\RELEASE\LISTACLASSIFICACOES.OBJ
C:\WORKSPACES\VISUAL STUDIO\PROJETOFINALVS2012\PROJETOFINALVS2012\RELEASE\LISTAATAQUES.OBJ
C:\WORKSPACES\VISUAL STUDIO\PROJETOFINALVS2012\PROJETOFINALVS2012\RELEASE\LISTAATAQUEGEOMETRICO.OBJ
C:\WORKSPACES\VISUAL STUDIO\PROJETOFINALVS2012\PROJETOFINALVS2012\RELEASE\LISTAARGUMENTOS.OBJ
C:\WORKSPACES\VISUAL STUDIO\PROJETOFINALVS2012\PROJETOFINALVS2012\RELEASE\VIEWELEMENTSSINGLETON.OBJ
C:\WORKSPACES\VISUAL STUDIO\PROJETOFINALVS2012\PROJETOFINALVS2012\RELEASE\PERSISTIVEL.OBJ
C:\WORKSPACES\VISUAL STUDIO\PROJETOFINALVS2012\PROJETOFINALVS2012\RELEASE\ABRIDORADETELAS.OBJ
C:\WORKSPACES\VISUAL STUDIO\PROJETOFINALVS2012\PROJETOFINALVS2012\RELEASE\TELAPRINCIPAL.OBJ
C:\WORKSPACES\VISUAL STUDIO\PROJETOFINALVS2012\PROJETOFINALVS2012\RELEASE\TELAPESSOAS.OBJ
C:\WORKSPACES\VISUAL STUDIO\PROJETOFINALVS2012\PROJETOFINALVS2012\RELEASE\TELAINSTITUICAO.OBJ
C:\WORKSPACES\VISUAL STUDIO\PROJETOFINALVS2012\PROJETOFINALVS2012\RELEASE\TELACONECTIVO.OBJ
C:\WORKSPACES\VISUAL STUDIO\PROJETOFINALVS2012\PROJETOFINALVS2012\RELEASE\TELACLASSIFICACAO.OBJ
C:\WORKSPACES\VISUAL STUDIO\PROJETOFINALVS2012\PROJETOFINALVS2012\RELEASE\TELAARGUMENTO.OBJ
C:\WORKSPACES\VISUAL STUDIO\PROJETOFINALVS2012\PROJETOFINALVS2012\RELEASE\TELAARGUMENTACAO.OBJ
C:\WORKSPACES\VISUAL STUDIO\PROJETOFINALVS2012\PROJETOFINALVS2012\RELEASE\SISTEMA.OBJ
C:\WORKSPACES\VISUAL STUDIO\PROJETOFINALVS2012\PROJETOFINALVS2012\RELEASE\PROTOTYPE.OBJ
C:\WORKSPACES\VISUAL STUDIO\PROJETOFINALVS2012\PROJETOFINALVS2012\RELEASE\VC110.PDB
C:\WORKSPACES\VISUAL STUDIO\PROJETOFINALVS2012\PROJETOFINALVS2012\RELEASE\.NETFRAMEWORK,VERSION=V4.5.ASSEMBLYATTRIBUTES.OBJ
C:\WORKSPACES\VISUAL STUDIO\PROJETOFINALVS2012\PROJETOFINALVS2012\RELEASE\CONFIGURASISTEMASINGLETON.OBJ
C:\WORKSPACES\VISUAL STUDIO\PROJETOFINALVS2012\PROJETOFINALVS2012\RELEASE\ABSPERSISTEXML.OBJ
C:\WORKSPACES\VISUAL STUDIO\PROJETOFINALVS2012\PROJETOFINALVS2012\RELEASE\PERSISTEXMLCONFIGURASISTEMA.OBJ
C:\WORKSPACES\VISUAL STUDIO\PROJETOFINALVS2012\PROJETOFINALVS2012\RELEASE\PERSISTEMEMORIAARGUMENTACAO.OBJ
C:\WORKSPACES\VISUAL STUDIO\PROJETOFINALVS2012\PROJETOFINALVS2012\RELEASE\VIEWELEMENTSFACTORY.OBJ
C:\WORKSPACES\VISUAL STUDIO\PROJETOFINALVS2012\PROJETOFINALVS2012\RELEASE\ABRIDORADETELASSINGLETON.OBJ
C:\WORKSPACES\VISUAL STUDIO\PROJETOFINALVS2012\PROJETOFINALVS2012\RELEASE\TELACONFIGURACAO.OBJ
C:\WORKSPACES\VISUAL STUDIO\PROJETOFINALVS2012\PROJETOFINALVS2012\RELEASE\SOBRE.OBJ
C:\WORKSPACES\VISUAL STUDIO\PROJETOFINALVS2012\RELEASE\PROJETOFINALVS2012.EXE
C:\WORKSPACES\VISUAL STUDIO\PROJETOFINALVS2012\RELEASE\PROJETOFINALVS2012.PDB
C:\Workspaces\Visual Studio\ProjetoFinalVS2012\ProjetoFinalVS2012\Release\ProjetoFinalVS2012.TelaArgumentacao.resources
C:\Workspaces\Visual Studio\ProjetoFinalVS2012\ProjetoFinalVS2012\Release\ProjetoFinalVS2012.TelaArgumento.resources
C:\Workspaces\Visual Studio\ProjetoFinalVS2012\ProjetoFinalVS2012\Release\ProjetoFinalVS2012.TelaClassificacao.resources
C:\Workspaces\Visual Studio\ProjetoFinalVS2012\ProjetoFinalVS2012\Release\ProjetoFinalVS2012.TelaConectivo.resources
C:\Workspaces\Visual Studio\ProjetoFinalVS2012\ProjetoFinalVS2012\Release\ProjetoFinalVS2012.TelaInstituicao.resources
C:\Workspaces\Visual Studio\ProjetoFinalVS2012\ProjetoFinalVS2012\Release\ProjetoFinalVS2012.TelaPessoas.resources
C:\Workspaces\Visual Studio\ProjetoFinalVS2012\ProjetoFinalVS2012\Release\ProjetoFinalVS2012.TelaPrincipal.resources
C:\Workspaces\Visual Studio\ProjetoFinalVS2012\ProjetoFinalVS2012\Release\ProjetoFinalVS2012.TelaConfiguracao.resources
C:\Workspaces\Visual Studio\ProjetoFinalVS2012\ProjetoFinalVS2012\Release\ProjetoFinalVS2012.Sobre.resources
C:\Workspaces\Visual Studio\ProjetoFinalVS2012\ProjetoFinalVS2012\Release\ProjetoFinalVS2012.vcxproj.GenerateResource.Cache
C:\Workspaces\Visual Studio\ProjetoFinalVS2012\ProjetoFinalVS2012\Release\ProjetoFinalVS2012.vcxprojResolveAssemblyReference.cache
C:\Workspaces\Visual Studio\ProjetoFinalVS2012\ProjetoFinalVS2012\Release\.NETFramework,Version=v4.5.AssemblyAttributes.obj
C:\Workspaces\Visual Studio\ProjetoFinalVS2012\ProjetoFinalVS2012\Release\AbridoraDeTelas.obj
C:\Workspaces\Visual Studio\ProjetoFinalVS2012\ProjetoFinalVS2012\Release\AbridoraDeTelasSingleton.obj
C:\Workspaces\Visual Studio\ProjetoFinalVS2012\ProjetoFinalVS2012\Release\AbsListaElementos.obj
C:\Workspaces\Visual Studio\ProjetoFinalVS2012\ProjetoFinalVS2012\Release\AbsPersiste.obj
C:\Workspaces\Visual Studio\ProjetoFinalVS2012\ProjetoFinalVS2012\Release\AbsPersisteBinario.obj
C:\Workspaces\Visual Studio\ProjetoFinalVS2012\ProjetoFinalVS2012\Release\AbsPersisteXML.obj
C:\Workspaces\Visual Studio\ProjetoFinalVS2012\ProjetoFinalVS2012\Release\Afirmacao.obj
C:\Workspaces\Visual Studio\ProjetoFinalVS2012\ProjetoFinalVS2012\Release\Argumentacao.obj
C:\Workspaces\Visual Studio\ProjetoFinalVS2012\ProjetoFinalVS2012\Release\Argumento.obj
C:\Workspaces\Visual Studio\ProjetoFinalVS2012\ProjetoFinalVS2012\Release\ArgumentoGeometrico.obj
C:\Workspaces\Visual Studio\ProjetoFinalVS2012\ProjetoFinalVS2012\Release\ArgumentoViewElemento.obj
C:\Workspaces\Visual Studio\ProjetoFinalVS2012\ProjetoFinalVS2012\Release\Ataque.obj
C:\Workspaces\Visual Studio\ProjetoFinalVS2012\ProjetoFinalVS2012\Release\AtaqueGeometrico.obj
C:\Workspaces\Visual Studio\ProjetoFinalVS2012\ProjetoFinalVS2012\Release\AtaqueViewElemento.obj
C:\Workspaces\Visual Studio\ProjetoFinalVS2012\ProjetoFinalVS2012\Release\CalculaAceitabilidadeDung.obj
C:\Workspaces\Visual Studio\ProjetoFinalVS2012\ProjetoFinalVS2012\Release\Classificacao.obj
C:\Workspaces\Visual Studio\ProjetoFinalVS2012\ProjetoFinalVS2012\Release\Conectivo.obj
C:\Workspaces\Visual Studio\ProjetoFinalVS2012\ProjetoFinalVS2012\Release\ConfiguraSistemaSingleton.obj
C:\Workspaces\Visual Studio\ProjetoFinalVS2012\ProjetoFinalVS2012\Release\DesenhistaAtaqueSFML.obj
C:\Workspaces\Visual Studio\ProjetoFinalVS2012\ProjetoFinalVS2012\Release\Instituicao.obj
C:\Workspaces\Visual Studio\ProjetoFinalVS2012\ProjetoFinalVS2012\Release\Lista.obj
C:\Workspaces\Visual Studio\ProjetoFinalVS2012\ProjetoFinalVS2012\Release\ListaAfirmacoes.obj
C:\Workspaces\Visual Studio\ProjetoFinalVS2012\ProjetoFinalVS2012\Release\ListaArgsDung.obj
C:\Workspaces\Visual Studio\ProjetoFinalVS2012\ProjetoFinalVS2012\Release\ListaArgumentacoes.obj
C:\Workspaces\Visual Studio\ProjetoFinalVS2012\ProjetoFinalVS2012\Release\ListaArgumentoGeometrico.obj
C:\Workspaces\Visual Studio\ProjetoFinalVS2012\ProjetoFinalVS2012\Release\ListaArgumentos.obj
C:\Workspaces\Visual Studio\ProjetoFinalVS2012\ProjetoFinalVS2012\Release\ListaAtaqueGeometrico.obj
C:\Workspaces\Visual Studio\ProjetoFinalVS2012\ProjetoFinalVS2012\Release\ListaAtaques.obj
C:\Workspaces\Visual Studio\ProjetoFinalVS2012\ProjetoFinalVS2012\Release\ListaClassificacoes.obj
C:\Workspaces\Visual Studio\ProjetoFinalVS2012\ProjetoFinalVS2012\Release\ListaConectivos.obj
C:\Workspaces\Visual Studio\ProjetoFinalVS2012\ProjetoFinalVS2012\Release\ListaInstituicoes.obj
C:\Workspaces\Visual Studio\ProjetoFinalVS2012\ProjetoFinalVS2012\Release\ListaModeradores.obj
C:\Workspaces\Visual Studio\ProjetoFinalVS2012\ProjetoFinalVS2012\Release\ListaParticipantes.obj
C:\Workspaces\Visual Studio\ProjetoFinalVS2012\ProjetoFinalVS2012\Release\ListaPessoas.obj
C:\Workspaces\Visual Studio\ProjetoFinalVS2012\ProjetoFinalVS2012\Release\main.obj
C:\Workspaces\Visual Studio\ProjetoFinalVS2012\ProjetoFinalVS2012\Release\Moderador.obj
C:\Workspaces\Visual Studio\ProjetoFinalVS2012\ProjetoFinalVS2012\Release\Participante.obj
C:\Workspaces\Visual Studio\ProjetoFinalVS2012\ProjetoFinalVS2012\Release\PersisteBinarioClassificacao.obj
C:\Workspaces\Visual Studio\ProjetoFinalVS2012\ProjetoFinalVS2012\Release\PersisteBinarioInstituicao.obj
C:\Workspaces\Visual Studio\ProjetoFinalVS2012\ProjetoFinalVS2012\Release\PersisteBinarioPessoa.obj
C:\Workspaces\Visual Studio\ProjetoFinalVS2012\ProjetoFinalVS2012\Release\PersisteMemoriaArgumentacao.obj
C:\Workspaces\Visual Studio\ProjetoFinalVS2012\ProjetoFinalVS2012\Release\PersisteMemoriaClassificacao.obj
C:\Workspaces\Visual Studio\ProjetoFinalVS2012\ProjetoFinalVS2012\Release\PersisteMemoriaInstituicao.obj
C:\Workspaces\Visual Studio\ProjetoFinalVS2012\ProjetoFinalVS2012\Release\PersisteMemoriaPessoa.obj
C:\Workspaces\Visual Studio\ProjetoFinalVS2012\ProjetoFinalVS2012\Release\PersisteXMLConfiguraSistema.obj
C:\Workspaces\Visual Studio\ProjetoFinalVS2012\ProjetoFinalVS2012\Release\Persistivel.obj
C:\Workspaces\Visual Studio\ProjetoFinalVS2012\ProjetoFinalVS2012\Release\Pessoa.obj
C:\Workspaces\Visual Studio\ProjetoFinalVS2012\ProjetoFinalVS2012\Release\Prototype.obj
C:\Workspaces\Visual Studio\ProjetoFinalVS2012\ProjetoFinalVS2012\Release\Sistema.obj
C:\Workspaces\Visual Studio\ProjetoFinalVS2012\ProjetoFinalVS2012\Release\Sobre.obj
C:\Workspaces\Visual Studio\ProjetoFinalVS2012\ProjetoFinalVS2012\Release\TelaArgumentacao.obj
C:\Workspaces\Visual Studio\ProjetoFinalVS2012\ProjetoFinalVS2012\Release\TelaArgumento.obj
C:\Workspaces\Visual Studio\ProjetoFinalVS2012\ProjetoFinalVS2012\Release\TelaClassificacao.obj
C:\Workspaces\Visual Studio\ProjetoFinalVS2012\ProjetoFinalVS2012\Release\TelaConectivo.obj
C:\Workspaces\Visual Studio\ProjetoFinalVS2012\ProjetoFinalVS2012\Release\TelaConfiguracao.obj
C:\Workspaces\Visual Studio\ProjetoFinalVS2012\ProjetoFinalVS2012\Release\TelaInstituicao.obj
C:\Workspaces\Visual Studio\ProjetoFinalVS2012\ProjetoFinalVS2012\Release\TelaPessoas.obj
C:\Workspaces\Visual Studio\ProjetoFinalVS2012\ProjetoFinalVS2012\Release\TelaPrincipal.obj
C:\Workspaces\Visual Studio\ProjetoFinalVS2012\ProjetoFinalVS2012\Release\ViewElementsFactory.obj
C:\Workspaces\Visual Studio\ProjetoFinalVS2012\ProjetoFinalVS2012\Release\ViewElementsSingleton.obj
C:\Workspaces\Visual Studio\ProjetoFinalVS2012\ProjetoFinalVS2012\Release\cl.command.1.tlog
C:\Workspaces\Visual Studio\ProjetoFinalVS2012\ProjetoFinalVS2012\Release\CL.read.1.tlog
C:\Workspaces\Visual Studio\ProjetoFinalVS2012\ProjetoFinalVS2012\Release\CL.write.1.tlog
C:\Workspaces\Visual Studio\ProjetoFinalVS2012\ProjetoFinalVS2012\Release\link-cvtres.read.1.tlog
C:\Workspaces\Visual Studio\ProjetoFinalVS2012\ProjetoFinalVS2012\Release\link-cvtres.write.1.tlog
C:\Workspaces\Visual Studio\ProjetoFinalVS2012\ProjetoFinalVS2012\Release\link-rc.read.1.tlog
C:\Workspaces\Visual Studio\ProjetoFinalVS2012\ProjetoFinalVS2012\Release\link-rc.write.1.tlog
C:\Workspaces\Visual Studio\ProjetoFinalVS2012\ProjetoFinalVS2012\Release\link.command.1.tlog
C:\Workspaces\Visual Studio\ProjetoFinalVS2012\ProjetoFinalVS2012\Release\link.read.1.tlog
C:\Workspaces\Visual Studio\ProjetoFinalVS2012\ProjetoFinalVS2012\Release\link.write.1.tlog
C:\Workspaces\Visual Studio\ProjetoFinalVS2012\ProjetoFinalVS2012\Release\metagen.read.1.tlog
C:\Workspaces\Visual Studio\ProjetoFinalVS2012\ProjetoFinalVS2012\Release\metagen.write.1.tlog
C:\Workspaces\Visual Studio\ProjetoFinalVS2012\ProjetoFinalVS2012\Release\ProjetoFinalVS2012.write.1.tlog
C:\Workspaces\Visual Studio\ProjetoFinalVS2012\ProjetoFinalVS2012\Release\vc110.pdb
C:\Workspaces\Visual Studio\ProjetoFinalVS2012\ProjetoFinalVS2012\Release\RSAENH.DLL.bi
C:\Workspaces\Visual Studio\ProjetoFinalVS2012\ProjetoFinalVS2012\Release\TZRES.DLL.bi
C:\Workspaces\Visual Studio\ProjetoFinalVS2012\Release\ProjetoFinalVS2012.pdb
C:\Workspaces\Visual Studio\ProjetoFinalVS2012\Release\ProjetoFinalVS2012.exe
